# JRE version: OpenJDK Runtime Environment Temurin-17.0.13+11 (17.0.13+11) (build 17.0.13+11)
# Java VM: OpenJDK 64-Bit Server VM Temurin-17.0.13+11 (17.0.13+11, mixed mode, tiered, compressed oops, compressed class ptrs, parallel gc, windows-amd64)
GC Precious Log:
 CPUs: 12 total, 12 available
 Memory: 16057M
 Large Page Support: Disabled
 NUMA Support: Disabled
 Compressed Oops: Enabled (32-bit)
 Alignments: Space 512K, Generation 512K, Heap 2M
 Heap Min Capacity: 100M
 Heap Initial Capacity: 100M
 Heap Max Capacity: 1G
 Pre-touch: Disabled
 Parallel Workers: 10
Heap:
 PSYoungGen      total 8704K, used 2706K [0x00000000eab00000, 0x00000000eb680000, 0x0000000100000000)
  eden space 6656K, 9% used [0x00000000eab00000,0x00000000eaba50e8,0x00000000eb180000)
  from space 2048K, 99% used [0x00000000eb280000,0x00000000eb47f988,0x00000000eb480000)
  to   space 2048K, 0% used [0x00000000eb480000,0x00000000eb480000,0x00000000eb680000)
 ParOldGen       total 210944K, used 187679K [0x00000000c0000000, 0x00000000cce00000, 0x00000000eab00000)
  object space 210944K, 88% used [0x00000000c0000000,0x00000000cb747f60,0x00000000cce00000)
 Metaspace       used 69629K, committed 70912K, reserved 1114112K
  class space    used 7296K, committed 7872K, reserved 1048576K
GC Heap History (20 events):
Event: 18.356 GC heap before
{Heap before GC invocations=140 (full 9):
 PSYoungGen      total 5632K, used 5191K [0x00000000eab00000, 0x00000000eb200000, 0x0000000100000000)
  eden space 4096K, 98% used [0x00000000eab00000,0x00000000eaef4728,0x00000000eaf00000)
  from space 1536K, 74% used [0x00000000eb080000,0x00000000eb19d790,0x00000000eb200000)
  to   space 1536K, 0% used [0x00000000eaf00000,0x00000000eaf00000,0x00000000eb080000)
 ParOldGen       total 180736K, used 176421K [0x00000000c0000000, 0x00000000cb080000, 0x00000000eab00000)
  object space 180736K, 97% used [0x00000000c0000000,0x00000000cac49530,0x00000000cb080000)
 Metaspace       used 69622K, committed 70912K, reserved 1114112K
  class space    used 7296K, committed 7872K, reserved 1048576K
}
Event: 18.359 GC heap after
{Heap after GC invocations=140 (full 9):
 PSYoungGen      total 5632K, used 1530K [0x00000000eab00000, 0x00000000eb400000, 0x0000000100000000)
  eden space 4096K, 0% used [0x00000000eab00000,0x00000000eab00000,0x00000000eaf00000)
  from space 1536K, 99% used [0x00000000eaf00000,0x00000000eb07ea68,0x00000000eb080000)
  to   space 2560K, 0% used [0x00000000eb180000,0x00000000eb180000,0x00000000eb400000)
 ParOldGen       total 180736K, used 176838K [0x00000000c0000000, 0x00000000cb080000, 0x00000000eab00000)
  object space 180736K, 97% used [0x00000000c0000000,0x00000000cacb1ae0,0x00000000cb080000)
 Metaspace       used 69622K, committed 70912K, reserved 1114112K
  class space    used 7296K, committed 7872K, reserved 1048576K
}
Event: 18.376 GC heap before
{Heap before GC invocations=141 (full 9):
 PSYoungGen      total 5632K, used 5626K [0x00000000eab00000, 0x00000000eb400000, 0x0000000100000000)
  eden space 4096K, 100% used [0x00000000eab00000,0x00000000eaf00000,0x00000000eaf00000)
  from space 1536K, 99% used [0x00000000eaf00000,0x00000000eb07ea68,0x00000000eb080000)
  to   space 2560K, 0% used [0x00000000eb180000,0x00000000eb180000,0x00000000eb400000)
 ParOldGen       total 180736K, used 176838K [0x00000000c0000000, 0x00000000cb080000, 0x00000000eab00000)
  object space 180736K, 97% used [0x00000000c0000000,0x00000000cacb1ae0,0x00000000cb080000)
 Metaspace       used 69622K, committed 70912K, reserved 1114112K
  class space    used 7296K, committed 7872K, reserved 1048576K
}
Event: 18.378 GC heap after
{Heap after GC invocations=141 (full 9):
 PSYoungGen      total 5632K, used 1144K [0x00000000eab00000, 0x00000000eb300000, 0x0000000100000000)
  eden space 4096K, 0% used [0x00000000eab00000,0x00000000eab00000,0x00000000eaf00000)
  from space 1536K, 74% used [0x00000000eb180000,0x00000000eb29e2e0,0x00000000eb300000)
  to   space 1536K, 0% used [0x00000000eaf00000,0x00000000eaf00000,0x00000000eb080000)
 ParOldGen       total 180736K, used 178384K [0x00000000c0000000, 0x00000000cb080000, 0x00000000eab00000)
  object space 180736K, 98% used [0x00000000c0000000,0x00000000cae34348,0x00000000cb080000)
 Metaspace       used 69622K, committed 70912K, reserved 1114112K
  class space    used 7296K, committed 7872K, reserved 1048576K
}
Event: 18.400 GC heap before
{Heap before GC invocations=142 (full 9):
 PSYoungGen      total 5632K, used 5240K [0x00000000eab00000, 0x00000000eb300000, 0x0000000100000000)
  eden space 4096K, 100% used [0x00000000eab00000,0x00000000eaf00000,0x00000000eaf00000)
  from space 1536K, 74% used [0x00000000eb180000,0x00000000eb29e2e0,0x00000000eb300000)
  to   space 1536K, 0% used [0x00000000eaf00000,0x00000000eaf00000,0x00000000eb080000)
 ParOldGen       total 180736K, used 178384K [0x00000000c0000000, 0x00000000cb080000, 0x00000000eab00000)
  object space 180736K, 98% used [0x00000000c0000000,0x00000000cae34348,0x00000000cb080000)
 Metaspace       used 69622K, committed 70912K, reserved 1114112K
  class space    used 7296K, committed 7872K, reserved 1048576K
}
Event: 18.401 GC heap after
{Heap after GC invocations=142 (full 9):
 PSYoungGen      total 5632K, used 1512K [0x00000000eab00000, 0x00000000eb400000, 0x0000000100000000)
  eden space 4096K, 0% used [0x00000000eab00000,0x00000000eab00000,0x00000000eaf00000)
  from space 1536K, 98% used [0x00000000eaf00000,0x00000000eb07a2d8,0x00000000eb080000)
  to   space 2560K, 0% used [0x00000000eb180000,0x00000000eb180000,0x00000000eb400000)
 ParOldGen       total 180736K, used 178833K [0x00000000c0000000, 0x00000000cb080000, 0x00000000eab00000)
  object space 180736K, 98% used [0x00000000c0000000,0x00000000caea45e0,0x00000000cb080000)
 Metaspace       used 69622K, committed 70912K, reserved 1114112K
  class space    used 7296K, committed 7872K, reserved 1048576K
}
Event: 18.418 GC heap before
{Heap before GC invocations=143 (full 9):
 PSYoungGen      total 5632K, used 5608K [0x00000000eab00000, 0x00000000eb400000, 0x0000000100000000)
  eden space 4096K, 100% used [0x00000000eab00000,0x00000000eaf00000,0x00000000eaf00000)
  from space 1536K, 98% used [0x00000000eaf00000,0x00000000eb07a2d8,0x00000000eb080000)
  to   space 2560K, 0% used [0x00000000eb180000,0x00000000eb180000,0x00000000eb400000)
 ParOldGen       total 180736K, used 178833K [0x00000000c0000000, 0x00000000cb080000, 0x00000000eab00000)
  object space 180736K, 98% used [0x00000000c0000000,0x00000000caea45e0,0x00000000cb080000)
 Metaspace       used 69622K, committed 70912K, reserved 1114112K
  class space    used 7296K, committed 7872K, reserved 1048576K
}
Event: 18.419 GC heap after
{Heap after GC invocations=143 (full 9):
 PSYoungGen      total 5632K, used 1109K [0x00000000eab00000, 0x00000000eb300000, 0x0000000100000000)
  eden space 4096K, 0% used [0x00000000eab00000,0x00000000eab00000,0x00000000eaf00000)
  from space 1536K, 72% used [0x00000000eb180000,0x00000000eb295758,0x00000000eb300000)
  to   space 1536K, 0% used [0x00000000eaf00000,0x00000000eaf00000,0x00000000eb080000)
 ParOldGen       total 180736K, used 180291K [0x00000000c0000000, 0x00000000cb080000, 0x00000000eab00000)
  object space 180736K, 99% used [0x00000000c0000000,0x00000000cb010f00,0x00000000cb080000)
 Metaspace       used 69622K, committed 70912K, reserved 1114112K
  class space    used 7296K, committed 7872K, reserved 1048576K
}
Event: 18.440 GC heap before
{Heap before GC invocations=144 (full 10):
 PSYoungGen      total 5632K, used 5205K [0x00000000eab00000, 0x00000000eb300000, 0x0000000100000000)
  eden space 4096K, 100% used [0x00000000eab00000,0x00000000eaf00000,0x00000000eaf00000)
  from space 1536K, 72% used [0x00000000eb180000,0x00000000eb295758,0x00000000eb300000)
  to   space 1536K, 0% used [0x00000000eaf00000,0x00000000eaf00000,0x00000000eb080000)
 ParOldGen       total 180736K, used 180291K [0x00000000c0000000, 0x00000000cb080000, 0x00000000eab00000)
  object space 180736K, 99% used [0x00000000c0000000,0x00000000cb010f00,0x00000000cb080000)
 Metaspace       used 69622K, committed 70912K, reserved 1114112K
  class space    used 7296K, committed 7872K, reserved 1048576K
}
Event: 19.205 GC heap after
{Heap after GC invocations=144 (full 10):
 PSYoungGen      total 5632K, used 851K [0x00000000eab00000, 0x00000000eb280000, 0x0000000100000000)
  eden space 4608K, 0% used [0x00000000eab00000,0x00000000eab00000,0x00000000eaf80000)
  from space 1024K, 83% used [0x00000000eb180000,0x00000000eb254d38,0x00000000eb280000)
  to   space 1536K, 0% used [0x00000000eaf80000,0x00000000eaf80000,0x00000000eb100000)
 ParOldGen       total 210944K, used 180280K [0x00000000c0000000, 0x00000000cce00000, 0x00000000eab00000)
  object space 210944K, 85% used [0x00000000c0000000,0x00000000cb00e0b0,0x00000000cce00000)
 Metaspace       used 69622K, committed 70912K, reserved 1114112K
  class space    used 7296K, committed 7872K, reserved 1048576K
}
Event: 19.216 GC heap before
{Heap before GC invocations=145 (full 10):
 PSYoungGen      total 5632K, used 5459K [0x00000000eab00000, 0x00000000eb280000, 0x0000000100000000)
  eden space 4608K, 100% used [0x00000000eab00000,0x00000000eaf80000,0x00000000eaf80000)
  from space 1024K, 83% used [0x00000000eb180000,0x00000000eb254d38,0x00000000eb280000)
  to   space 1536K, 0% used [0x00000000eaf80000,0x00000000eaf80000,0x00000000eb100000)
 ParOldGen       total 210944K, used 180280K [0x00000000c0000000, 0x00000000cce00000, 0x00000000eab00000)
  object space 210944K, 85% used [0x00000000c0000000,0x00000000cb00e0b0,0x00000000cce00000)
 Metaspace       used 69627K, committed 70912K, reserved 1114112K
  class space    used 7296K, committed 7872K, reserved 1048576K
}
Event: 19.227 GC heap after
{Heap after GC invocations=145 (full 10):
 PSYoungGen      total 6144K, used 1531K [0x00000000eab00000, 0x00000000eb500000, 0x0000000100000000)
  eden space 4608K, 0% used [0x00000000eab00000,0x00000000eab00000,0x00000000eaf80000)
  from space 1536K, 99% used [0x00000000eaf80000,0x00000000eb0fef48,0x00000000eb100000)
  to   space 2560K, 0% used [0x00000000eb280000,0x00000000eb280000,0x00000000eb500000)
 ParOldGen       total 210944K, used 180820K [0x00000000c0000000, 0x00000000cce00000, 0x00000000eab00000)
  object space 210944K, 85% used [0x00000000c0000000,0x00000000cb095340,0x00000000cce00000)
 Metaspace       used 69627K, committed 70912K, reserved 1114112K
  class space    used 7296K, committed 7872K, reserved 1048576K
}
Event: 19.234 GC heap before
{Heap before GC invocations=146 (full 10):
 PSYoungGen      total 6144K, used 6139K [0x00000000eab00000, 0x00000000eb500000, 0x0000000100000000)
  eden space 4608K, 100% used [0x00000000eab00000,0x00000000eaf80000,0x00000000eaf80000)
  from space 1536K, 99% used [0x00000000eaf80000,0x00000000eb0fef48,0x00000000eb100000)
  to   space 2560K, 0% used [0x00000000eb280000,0x00000000eb280000,0x00000000eb500000)
 ParOldGen       total 210944K, used 180820K [0x00000000c0000000, 0x00000000cce00000, 0x00000000eab00000)
  object space 210944K, 85% used [0x00000000c0000000,0x00000000cb095340,0x00000000cce00000)
 Metaspace       used 69627K, committed 70912K, reserved 1114112K
  class space    used 7296K, committed 7872K, reserved 1048576K
}
Event: 19.235 GC heap after
{Heap after GC invocations=146 (full 10):
 PSYoungGen      total 6656K, used 1153K [0x00000000eab00000, 0x00000000eb400000, 0x0000000100000000)
  eden space 5120K, 0% used [0x00000000eab00000,0x00000000eab00000,0x00000000eb000000)
  from space 1536K, 75% used [0x00000000eb280000,0x00000000eb3a0720,0x00000000eb400000)
  to   space 1536K, 0% used [0x00000000eb100000,0x00000000eb100000,0x00000000eb280000)
 ParOldGen       total 210944K, used 182302K [0x00000000c0000000, 0x00000000cce00000, 0x00000000eab00000)
  object space 210944K, 86% used [0x00000000c0000000,0x00000000cb207988,0x00000000cce00000)
 Metaspace       used 69627K, committed 70912K, reserved 1114112K
  class space    used 7296K, committed 7872K, reserved 1048576K
}
Event: 19.247 GC heap before
{Heap before GC invocations=147 (full 10):
 PSYoungGen      total 6656K, used 6273K [0x00000000eab00000, 0x00000000eb400000, 0x0000000100000000)
  eden space 5120K, 100% used [0x00000000eab00000,0x00000000eb000000,0x00000000eb000000)
  from space 1536K, 75% used [0x00000000eb280000,0x00000000eb3a0720,0x00000000eb400000)
  to   space 1536K, 0% used [0x00000000eb100000,0x00000000eb100000,0x00000000eb280000)
 ParOldGen       total 210944K, used 182302K [0x00000000c0000000, 0x00000000cce00000, 0x00000000eab00000)
  object space 210944K, 86% used [0x00000000c0000000,0x00000000cb207988,0x00000000cce00000)
 Metaspace       used 69629K, committed 70912K, reserved 1114112K
  class space    used 7296K, committed 7872K, reserved 1048576K
}
Event: 19.248 GC heap after
{Heap after GC invocations=147 (full 10):
 PSYoungGen      total 7168K, used 1529K [0x00000000eab00000, 0x00000000eb580000, 0x0000000100000000)
  eden space 5632K, 0% used [0x00000000eab00000,0x00000000eab00000,0x00000000eb080000)
  from space 1536K, 99% used [0x00000000eb100000,0x00000000eb27e4b0,0x00000000eb280000)
  to   space 2560K, 0% used [0x00000000eb300000,0x00000000eb300000,0x00000000eb580000)
 ParOldGen       total 210944K, used 182709K [0x00000000c0000000, 0x00000000cce00000, 0x00000000eab00000)
  object space 210944K, 86% used [0x00000000c0000000,0x00000000cb26d500,0x00000000cce00000)
 Metaspace       used 69629K, committed 70912K, reserved 1114112K
  class space    used 7296K, committed 7872K, reserved 1048576K
}
Event: 19.258 GC heap before
{Heap before GC invocations=148 (full 10):
 PSYoungGen      total 7168K, used 7161K [0x00000000eab00000, 0x00000000eb580000, 0x0000000100000000)
  eden space 5632K, 100% used [0x00000000eab00000,0x00000000eb080000,0x00000000eb080000)
  from space 1536K, 99% used [0x00000000eb100000,0x00000000eb27e4b0,0x00000000eb280000)
  to   space 2560K, 0% used [0x00000000eb300000,0x00000000eb300000,0x00000000eb580000)
 ParOldGen       total 210944K, used 182709K [0x00000000c0000000, 0x00000000cce00000, 0x00000000eab00000)
  object space 210944K, 86% used [0x00000000c0000000,0x00000000cb26d500,0x00000000cce00000)
 Metaspace       used 69629K, committed 70912K, reserved 1114112K
  class space    used 7296K, committed 7872K, reserved 1048576K
}
Event: 19.260 GC heap after
{Heap after GC invocations=148 (full 10):
 PSYoungGen      total 8192K, used 1468K [0x00000000eab00000, 0x00000000eb500000, 0x0000000100000000)
  eden space 6144K, 0% used [0x00000000eab00000,0x00000000eab00000,0x00000000eb100000)
  from space 2048K, 71% used [0x00000000eb300000,0x00000000eb46f158,0x00000000eb500000)
  to   space 2048K, 0% used [0x00000000eb100000,0x00000000eb100000,0x00000000eb300000)
 ParOldGen       total 210944K, used 184217K [0x00000000c0000000, 0x00000000cce00000, 0x00000000eab00000)
  object space 210944K, 87% used [0x00000000c0000000,0x00000000cb3e6758,0x00000000cce00000)
 Metaspace       used 69629K, committed 70912K, reserved 1114112K
  class space    used 7296K, committed 7872K, reserved 1048576K
}
Event: 19.278 GC heap before
{Heap before GC invocations=149 (full 10):
 PSYoungGen      total 8192K, used 7612K [0x00000000eab00000, 0x00000000eb500000, 0x0000000100000000)
  eden space 6144K, 100% used [0x00000000eab00000,0x00000000eb100000,0x00000000eb100000)
  from space 2048K, 71% used [0x00000000eb300000,0x00000000eb46f158,0x00000000eb500000)
  to   space 2048K, 0% used [0x00000000eb100000,0x00000000eb100000,0x00000000eb300000)
 ParOldGen       total 210944K, used 184217K [0x00000000c0000000, 0x00000000cce00000, 0x00000000eab00000)
  object space 210944K, 87% used [0x00000000c0000000,0x00000000cb3e6758,0x00000000cce00000)
 Metaspace       used 69629K, committed 70912K, reserved 1114112K
  class space    used 7296K, committed 7872K, reserved 1048576K
}
Event: 19.280 GC heap after
{Heap after GC invocations=149 (full 10):
 PSYoungGen      total 8192K, used 2034K [0x00000000eab00000, 0x00000000eb780000, 0x0000000100000000)
  eden space 6144K, 0% used [0x00000000eab00000,0x00000000eab00000,0x00000000eb100000)
  from space 2048K, 99% used [0x00000000eb100000,0x00000000eb2fcbd8,0x00000000eb300000)
  to   space 3072K, 0% used [0x00000000eb480000,0x00000000eb480000,0x00000000eb780000)
 ParOldGen       total 210944K, used 184893K [0x00000000c0000000, 0x00000000cce00000, 0x00000000eab00000)
  object space 210944K, 87% used [0x00000000c0000000,0x00000000cb48f6c8,0x00000000cce00000)
 Metaspace       used 69629K, committed 70912K, reserved 1114112K
  class space    used 7296K, committed 7872K, reserved 1048576K
}

