# JRE version: OpenJDK Runtime Environment Temurin-17.0.13+11 (17.0.13+11) (build 17.0.13+11)
# Java VM: OpenJDK 64-Bit Server VM Temurin-17.0.13+11 (17.0.13+11, mixed mode, tiered, compressed oops, compressed class ptrs, parallel gc, windows-amd64)
GC Precious Log:
 CPUs: 12 total, 12 available
 Memory: 16057M
 Large Page Support: Disabled
 NUMA Support: Disabled
 Compressed Oops: Enabled (32-bit)
 Alignments: Space 512K, Generation 512K, Heap 2M
 Heap Min Capacity: 100M
 Heap Initial Capacity: 100M
 Heap Max Capacity: 1G
 Pre-touch: Disabled
 Parallel Workers: 10
Heap:
 PSYoungGen      total 16896K, used 9318K [0x00000000eab00000, 0x00000000ec000000, 0x0000000100000000)
  eden space 12288K, 38% used [0x00000000eab00000,0x00000000eaf9b050,0x00000000eb700000)
  from space 4608K, 99% used [0x00000000ebb80000,0x00000000ebffeaa0,0x00000000ec000000)
  to   space 4608K, 0% used [0x00000000eb700000,0x00000000eb700000,0x00000000ebb80000)
 ParOldGen       total 227840K, used 217163K [0x00000000c0000000, 0x00000000cde80000, 0x00000000eab00000)
  object space 227840K, 95% used [0x00000000c0000000,0x00000000cd412c40,0x00000000cde80000)
 Metaspace       used 65914K, committed 67072K, reserved 1114112K
  class space    used 6912K, committed 7424K, reserved 1048576K
GC Heap History (20 events):
Event: 14.181 GC heap before
{Heap before GC invocations=174 (full 8):
 PSYoungGen      total 14336K, used 13159K [0x00000000eab00000, 0x00000000ebd00000, 0x0000000100000000)
  eden space 9216K, 100% used [0x00000000eab00000,0x00000000eb400000,0x00000000eb400000)
  from space 5120K, 77% used [0x00000000eb400000,0x00000000eb7d9e60,0x00000000eb900000)
  to   space 4096K, 0% used [0x00000000eb900000,0x00000000eb900000,0x00000000ebd00000)
 ParOldGen       total 227840K, used 198132K [0x00000000c0000000, 0x00000000cde80000, 0x00000000eab00000)
  object space 227840K, 86% used [0x00000000c0000000,0x00000000cc17d328,0x00000000cde80000)
 Metaspace       used 65406K, committed 66560K, reserved 1114112K
  class space    used 6883K, committed 7360K, reserved 1048576K
}
Event: 14.190 GC heap after
{Heap after GC invocations=174 (full 8):
 PSYoungGen      total 13312K, used 4083K [0x00000000eab00000, 0x00000000ebd00000, 0x0000000100000000)
  eden space 9216K, 0% used [0x00000000eab00000,0x00000000eab00000,0x00000000eb400000)
  from space 4096K, 99% used [0x00000000eb900000,0x00000000ebcfcd20,0x00000000ebd00000)
  to   space 5120K, 0% used [0x00000000eb400000,0x00000000eb400000,0x00000000eb900000)
 ParOldGen       total 227840K, used 199723K [0x00000000c0000000, 0x00000000cde80000, 0x00000000eab00000)
  object space 227840K, 87% used [0x00000000c0000000,0x00000000cc30ac20,0x00000000cde80000)
 Metaspace       used 65406K, committed 66560K, reserved 1114112K
  class space    used 6883K, committed 7360K, reserved 1048576K
}
Event: 14.226 GC heap before
{Heap before GC invocations=175 (full 8):
 PSYoungGen      total 13312K, used 13299K [0x00000000eab00000, 0x00000000ebd00000, 0x0000000100000000)
  eden space 9216K, 100% used [0x00000000eab00000,0x00000000eb400000,0x00000000eb400000)
  from space 4096K, 99% used [0x00000000eb900000,0x00000000ebcfcd20,0x00000000ebd00000)
  to   space 5120K, 0% used [0x00000000eb400000,0x00000000eb400000,0x00000000eb900000)
 ParOldGen       total 227840K, used 199723K [0x00000000c0000000, 0x00000000cde80000, 0x00000000eab00000)
  object space 227840K, 87% used [0x00000000c0000000,0x00000000cc30ac20,0x00000000cde80000)
 Metaspace       used 65453K, committed 66624K, reserved 1114112K
  class space    used 6884K, committed 7360K, reserved 1048576K
}
Event: 14.237 GC heap after
{Heap after GC invocations=175 (full 8):
 PSYoungGen      total 14336K, used 4173K [0x00000000eab00000, 0x00000000ebd00000, 0x0000000100000000)
  eden space 9216K, 0% used [0x00000000eab00000,0x00000000eab00000,0x00000000eb400000)
  from space 5120K, 81% used [0x00000000eb400000,0x00000000eb813518,0x00000000eb900000)
  to   space 4096K, 0% used [0x00000000eb900000,0x00000000eb900000,0x00000000ebd00000)
 ParOldGen       total 227840K, used 201160K [0x00000000c0000000, 0x00000000cde80000, 0x00000000eab00000)
  object space 227840K, 88% used [0x00000000c0000000,0x00000000cc472090,0x00000000cde80000)
 Metaspace       used 65453K, committed 66624K, reserved 1114112K
  class space    used 6884K, committed 7360K, reserved 1048576K
}
Event: 14.285 GC heap before
{Heap before GC invocations=176 (full 8):
 PSYoungGen      total 14336K, used 13389K [0x00000000eab00000, 0x00000000ebd00000, 0x0000000100000000)
  eden space 9216K, 100% used [0x00000000eab00000,0x00000000eb400000,0x00000000eb400000)
  from space 5120K, 81% used [0x00000000eb400000,0x00000000eb813518,0x00000000eb900000)
  to   space 4096K, 0% used [0x00000000eb900000,0x00000000eb900000,0x00000000ebd00000)
 ParOldGen       total 227840K, used 201160K [0x00000000c0000000, 0x00000000cde80000, 0x00000000eab00000)
  object space 227840K, 88% used [0x00000000c0000000,0x00000000cc472090,0x00000000cde80000)
 Metaspace       used 65511K, committed 66624K, reserved 1114112K
  class space    used 6885K, committed 7360K, reserved 1048576K
}
Event: 14.290 GC heap after
{Heap after GC invocations=176 (full 8):
 PSYoungGen      total 13312K, used 4081K [0x00000000eab00000, 0x00000000ebd00000, 0x0000000100000000)
  eden space 9216K, 0% used [0x00000000eab00000,0x00000000eab00000,0x00000000eb400000)
  from space 4096K, 99% used [0x00000000eb900000,0x00000000ebcfc760,0x00000000ebd00000)
  to   space 5120K, 0% used [0x00000000eb400000,0x00000000eb400000,0x00000000eb900000)
 ParOldGen       total 227840K, used 201624K [0x00000000c0000000, 0x00000000cde80000, 0x00000000eab00000)
  object space 227840K, 88% used [0x00000000c0000000,0x00000000cc4e60a8,0x00000000cde80000)
 Metaspace       used 65511K, committed 66624K, reserved 1114112K
  class space    used 6885K, committed 7360K, reserved 1048576K
}
Event: 14.322 GC heap before
{Heap before GC invocations=177 (full 8):
 PSYoungGen      total 13312K, used 13297K [0x00000000eab00000, 0x00000000ebd00000, 0x0000000100000000)
  eden space 9216K, 99% used [0x00000000eab00000,0x00000000eb3ffff0,0x00000000eb400000)
  from space 4096K, 99% used [0x00000000eb900000,0x00000000ebcfc760,0x00000000ebd00000)
  to   space 5120K, 0% used [0x00000000eb400000,0x00000000eb400000,0x00000000eb900000)
 ParOldGen       total 227840K, used 201624K [0x00000000c0000000, 0x00000000cde80000, 0x00000000eab00000)
  object space 227840K, 88% used [0x00000000c0000000,0x00000000cc4e60a8,0x00000000cde80000)
 Metaspace       used 65551K, committed 66752K, reserved 1114112K
  class space    used 6885K, committed 7360K, reserved 1048576K
}
Event: 14.330 GC heap after
{Heap after GC invocations=177 (full 8):
 PSYoungGen      total 14336K, used 3540K [0x00000000eab00000, 0x00000000ebd00000, 0x0000000100000000)
  eden space 9216K, 0% used [0x00000000eab00000,0x00000000eab00000,0x00000000eb400000)
  from space 5120K, 69% used [0x00000000eb400000,0x00000000eb775210,0x00000000eb900000)
  to   space 4096K, 0% used [0x00000000eb900000,0x00000000eb900000,0x00000000ebd00000)
 ParOldGen       total 227840K, used 203986K [0x00000000c0000000, 0x00000000cde80000, 0x00000000eab00000)
  object space 227840K, 89% used [0x00000000c0000000,0x00000000cc734900,0x00000000cde80000)
 Metaspace       used 65551K, committed 66752K, reserved 1114112K
  class space    used 6885K, committed 7360K, reserved 1048576K
}
Event: 14.368 GC heap before
{Heap before GC invocations=178 (full 8):
 PSYoungGen      total 14336K, used 12756K [0x00000000eab00000, 0x00000000ebd00000, 0x0000000100000000)
  eden space 9216K, 100% used [0x00000000eab00000,0x00000000eb400000,0x00000000eb400000)
  from space 5120K, 69% used [0x00000000eb400000,0x00000000eb775210,0x00000000eb900000)
  to   space 4096K, 0% used [0x00000000eb900000,0x00000000eb900000,0x00000000ebd00000)
 ParOldGen       total 227840K, used 203986K [0x00000000c0000000, 0x00000000cde80000, 0x00000000eab00000)
  object space 227840K, 89% used [0x00000000c0000000,0x00000000cc734900,0x00000000cde80000)
 Metaspace       used 65583K, committed 66752K, reserved 1114112K
  class space    used 6886K, committed 7360K, reserved 1048576K
}
Event: 14.376 GC heap after
{Heap after GC invocations=178 (full 8):
 PSYoungGen      total 14336K, used 3595K [0x00000000eab00000, 0x00000000ebd00000, 0x0000000100000000)
  eden space 10240K, 0% used [0x00000000eab00000,0x00000000eab00000,0x00000000eb500000)
  from space 4096K, 87% used [0x00000000eb900000,0x00000000ebc82dc8,0x00000000ebd00000)
  to   space 4096K, 0% used [0x00000000eb500000,0x00000000eb500000,0x00000000eb900000)
 ParOldGen       total 227840K, used 205042K [0x00000000c0000000, 0x00000000cde80000, 0x00000000eab00000)
  object space 227840K, 89% used [0x00000000c0000000,0x00000000cc83cad8,0x00000000cde80000)
 Metaspace       used 65583K, committed 66752K, reserved 1114112K
  class space    used 6886K, committed 7360K, reserved 1048576K
}
Event: 14.434 GC heap before
{Heap before GC invocations=179 (full 8):
 PSYoungGen      total 14336K, used 13835K [0x00000000eab00000, 0x00000000ebd00000, 0x0000000100000000)
  eden space 10240K, 100% used [0x00000000eab00000,0x00000000eb500000,0x00000000eb500000)
  from space 4096K, 87% used [0x00000000eb900000,0x00000000ebc82dc8,0x00000000ebd00000)
  to   space 4096K, 0% used [0x00000000eb500000,0x00000000eb500000,0x00000000eb900000)
 ParOldGen       total 227840K, used 205042K [0x00000000c0000000, 0x00000000cde80000, 0x00000000eab00000)
  object space 227840K, 89% used [0x00000000c0000000,0x00000000cc83cad8,0x00000000cde80000)
 Metaspace       used 65597K, committed 66752K, reserved 1114112K
  class space    used 6886K, committed 7360K, reserved 1048576K
}
Event: 14.443 GC heap after
{Heap after GC invocations=179 (full 8):
 PSYoungGen      total 14336K, used 4080K [0x00000000eab00000, 0x00000000ec200000, 0x0000000100000000)
  eden space 10240K, 0% used [0x00000000eab00000,0x00000000eab00000,0x00000000eb500000)
  from space 4096K, 99% used [0x00000000eb500000,0x00000000eb8fc010,0x00000000eb900000)
  to   space 6144K, 0% used [0x00000000ebc00000,0x00000000ebc00000,0x00000000ec200000)
 ParOldGen       total 227840K, used 206611K [0x00000000c0000000, 0x00000000cde80000, 0x00000000eab00000)
  object space 227840K, 90% used [0x00000000c0000000,0x00000000cc9c4ff0,0x00000000cde80000)
 Metaspace       used 65597K, committed 66752K, reserved 1114112K
  class space    used 6886K, committed 7360K, reserved 1048576K
}
Event: 14.488 GC heap before
{Heap before GC invocations=180 (full 8):
 PSYoungGen      total 14336K, used 14320K [0x00000000eab00000, 0x00000000ec200000, 0x0000000100000000)
  eden space 10240K, 100% used [0x00000000eab00000,0x00000000eb500000,0x00000000eb500000)
  from space 4096K, 99% used [0x00000000eb500000,0x00000000eb8fc010,0x00000000eb900000)
  to   space 6144K, 0% used [0x00000000ebc00000,0x00000000ebc00000,0x00000000ec200000)
 ParOldGen       total 227840K, used 206611K [0x00000000c0000000, 0x00000000cde80000, 0x00000000eab00000)
  object space 227840K, 90% used [0x00000000c0000000,0x00000000cc9c4ff0,0x00000000cde80000)
 Metaspace       used 65649K, committed 66816K, reserved 1114112K
  class space    used 6889K, committed 7360K, reserved 1048576K
}
Event: 14.492 GC heap after
{Heap after GC invocations=180 (full 8):
 PSYoungGen      total 15360K, used 3608K [0x00000000eab00000, 0x00000000ec000000, 0x0000000100000000)
  eden space 11264K, 0% used [0x00000000eab00000,0x00000000eab00000,0x00000000eb600000)
  from space 4096K, 88% used [0x00000000ebc00000,0x00000000ebf862b8,0x00000000ec000000)
  to   space 4608K, 0% used [0x00000000eb700000,0x00000000eb700000,0x00000000ebb80000)
 ParOldGen       total 227840K, used 208637K [0x00000000c0000000, 0x00000000cde80000, 0x00000000eab00000)
  object space 227840K, 91% used [0x00000000c0000000,0x00000000ccbbf598,0x00000000cde80000)
 Metaspace       used 65649K, committed 66816K, reserved 1114112K
  class space    used 6889K, committed 7360K, reserved 1048576K
}
Event: 14.558 GC heap before
{Heap before GC invocations=181 (full 8):
 PSYoungGen      total 15360K, used 14872K [0x00000000eab00000, 0x00000000ec000000, 0x0000000100000000)
  eden space 11264K, 100% used [0x00000000eab00000,0x00000000eb600000,0x00000000eb600000)
  from space 4096K, 88% used [0x00000000ebc00000,0x00000000ebf862b8,0x00000000ec000000)
  to   space 4608K, 0% used [0x00000000eb700000,0x00000000eb700000,0x00000000ebb80000)
 ParOldGen       total 227840K, used 208637K [0x00000000c0000000, 0x00000000cde80000, 0x00000000eab00000)
  object space 227840K, 91% used [0x00000000c0000000,0x00000000ccbbf598,0x00000000cde80000)
 Metaspace       used 65667K, committed 66816K, reserved 1114112K
  class space    used 6889K, committed 7360K, reserved 1048576K
}
Event: 14.563 GC heap after
{Heap after GC invocations=181 (full 8):
 PSYoungGen      total 15872K, used 4591K [0x00000000eab00000, 0x00000000ec000000, 0x0000000100000000)
  eden space 11264K, 0% used [0x00000000eab00000,0x00000000eab00000,0x00000000eb600000)
  from space 4608K, 99% used [0x00000000eb700000,0x00000000ebb7bd38,0x00000000ebb80000)
  to   space 4096K, 0% used [0x00000000ebc00000,0x00000000ebc00000,0x00000000ec000000)
 ParOldGen       total 227840K, used 209897K [0x00000000c0000000, 0x00000000cde80000, 0x00000000eab00000)
  object space 227840K, 92% used [0x00000000c0000000,0x00000000cccfa450,0x00000000cde80000)
 Metaspace       used 65667K, committed 66816K, reserved 1114112K
  class space    used 6889K, committed 7360K, reserved 1048576K
}
Event: 14.644 GC heap before
{Heap before GC invocations=182 (full 8):
 PSYoungGen      total 15872K, used 15855K [0x00000000eab00000, 0x00000000ec000000, 0x0000000100000000)
  eden space 11264K, 100% used [0x00000000eab00000,0x00000000eb600000,0x00000000eb600000)
  from space 4608K, 99% used [0x00000000eb700000,0x00000000ebb7bd38,0x00000000ebb80000)
  to   space 4096K, 0% used [0x00000000ebc00000,0x00000000ebc00000,0x00000000ec000000)
 ParOldGen       total 227840K, used 209897K [0x00000000c0000000, 0x00000000cde80000, 0x00000000eab00000)
  object space 227840K, 92% used [0x00000000c0000000,0x00000000cccfa450,0x00000000cde80000)
 Metaspace       used 65667K, committed 66816K, reserved 1114112K
  class space    used 6889K, committed 7360K, reserved 1048576K
}
Event: 14.653 GC heap after
{Heap after GC invocations=182 (full 8):
 PSYoungGen      total 15360K, used 4079K [0x00000000eab00000, 0x00000000ec000000, 0x0000000100000000)
  eden space 11264K, 0% used [0x00000000eab00000,0x00000000eab00000,0x00000000eb600000)
  from space 4096K, 99% used [0x00000000ebc00000,0x00000000ebffbf60,0x00000000ec000000)
  to   space 4608K, 0% used [0x00000000eb700000,0x00000000eb700000,0x00000000ebb80000)
 ParOldGen       total 227840K, used 212783K [0x00000000c0000000, 0x00000000cde80000, 0x00000000eab00000)
  object space 227840K, 93% used [0x00000000c0000000,0x00000000ccfcbdb0,0x00000000cde80000)
 Metaspace       used 65667K, committed 66816K, reserved 1114112K
  class space    used 6889K, committed 7360K, reserved 1048576K
}
Event: 14.745 GC heap before
{Heap before GC invocations=183 (full 8):
 PSYoungGen      total 15360K, used 15343K [0x00000000eab00000, 0x00000000ec000000, 0x0000000100000000)
  eden space 11264K, 100% used [0x00000000eab00000,0x00000000eb600000,0x00000000eb600000)
  from space 4096K, 99% used [0x00000000ebc00000,0x00000000ebffbf60,0x00000000ec000000)
  to   space 4608K, 0% used [0x00000000eb700000,0x00000000eb700000,0x00000000ebb80000)
 ParOldGen       total 227840K, used 212783K [0x00000000c0000000, 0x00000000cde80000, 0x00000000eab00000)
  object space 227840K, 93% used [0x00000000c0000000,0x00000000ccfcbdb0,0x00000000cde80000)
 Metaspace       used 65705K, committed 66880K, reserved 1114112K
  class space    used 6889K, committed 7360K, reserved 1048576K
}
Event: 14.751 GC heap after
{Heap after GC invocations=183 (full 8):
 PSYoungGen      total 16896K, used 2482K [0x00000000eab00000, 0x00000000ec000000, 0x0000000100000000)
  eden space 12288K, 0% used [0x00000000eab00000,0x00000000eab00000,0x00000000eb700000)
  from space 4608K, 53% used [0x00000000eb700000,0x00000000eb96cb38,0x00000000ebb80000)
  to   space 4608K, 0% used [0x00000000ebb80000,0x00000000ebb80000,0x00000000ec000000)
 ParOldGen       total 227840K, used 216713K [0x00000000c0000000, 0x00000000cde80000, 0x00000000eab00000)
  object space 227840K, 95% used [0x00000000c0000000,0x00000000cd3a27a0,0x00000000cde80000)
 Metaspace       used 65705K, committed 66880K, reserved 1114112K
  class space    used 6889K, committed 7360K, reserved 1048576K
}

