# JRE version: OpenJDK Runtime Environment Temurin-17.0.13+11 (17.0.13+11) (build 17.0.13+11)
# Java VM: OpenJDK 64-Bit Server VM Temurin-17.0.13+11 (17.0.13+11, mixed mode, tiered, compressed oops, compressed class ptrs, parallel gc, windows-amd64)
GC Precious Log:
 CPUs: 12 total, 12 available
 Memory: 16057M
 Large Page Support: Disabled
 NUMA Support: Disabled
 Compressed Oops: Enabled (32-bit)
 Alignments: Space 512K, Generation 512K, Heap 2M
 Heap Min Capacity: 100M
 Heap Initial Capacity: 100M
 Heap Max Capacity: 1G
 Pre-touch: Disabled
 Parallel Workers: 10
Heap:
 PSYoungGen      total 4096K, used 1883K [0x00000000eab00000, 0x00000000eb000000, 0x0000000100000000)
  eden space 3584K, 39% used [0x00000000eab00000,0x00000000eac643d0,0x00000000eae80000)
  from space 512K, 89% used [0x00000000eaf00000,0x00000000eaf72910,0x00000000eaf80000)
  to   space 512K, 0% used [0x00000000eaf80000,0x00000000eaf80000,0x00000000eb000000)
 ParOldGen       total 180736K, used 161378K [0x00000000c0000000, 0x00000000cb080000, 0x00000000eab00000)
  object space 180736K, 89% used [0x00000000c0000000,0x00000000c9d989a0,0x00000000cb080000)
 Metaspace       used 107835K, committed 109312K, reserved 1179648K
  class space    used 10785K, committed 11392K, reserved 1048576K
GC Heap History (20 events):
Event: 2151.437 GC heap before
{Heap before GC invocations=4752 (full 88):
 PSYoungGen      total 4096K, used 3872K [0x00000000eab00000, 0x00000000eb000000, 0x0000000100000000)
  eden space 3584K, 100% used [0x00000000eab00000,0x00000000eae80000,0x00000000eae80000)
  from space 512K, 56% used [0x00000000eaf00000,0x00000000eaf48000,0x00000000eaf80000)
  to   space 512K, 0% used [0x00000000eaf80000,0x00000000eaf80000,0x00000000eb000000)
 ParOldGen       total 180736K, used 160642K [0x00000000c0000000, 0x00000000cb080000, 0x00000000eab00000)
  object space 180736K, 88% used [0x00000000c0000000,0x00000000c9ce09a0,0x00000000cb080000)
 Metaspace       used 107802K, committed 109312K, reserved 1179648K
  class space    used 10782K, committed 11392K, reserved 1048576K
}
Event: 2151.438 GC heap after
{Heap after GC invocations=4752 (full 88):
 PSYoungGen      total 4096K, used 490K [0x00000000eab00000, 0x00000000eb080000, 0x0000000100000000)
  eden space 3584K, 0% used [0x00000000eab00000,0x00000000eab00000,0x00000000eae80000)
  from space 512K, 95% used [0x00000000eaf80000,0x00000000eaffa910,0x00000000eb000000)
  to   space 1024K, 0% used [0x00000000eae80000,0x00000000eae80000,0x00000000eaf80000)
 ParOldGen       total 180736K, used 160762K [0x00000000c0000000, 0x00000000cb080000, 0x00000000eab00000)
  object space 180736K, 88% used [0x00000000c0000000,0x00000000c9cfe9a0,0x00000000cb080000)
 Metaspace       used 107802K, committed 109312K, reserved 1179648K
  class space    used 10782K, committed 11392K, reserved 1048576K
}
Event: 2151.443 GC heap before
{Heap before GC invocations=4753 (full 88):
 PSYoungGen      total 4096K, used 4074K [0x00000000eab00000, 0x00000000eb080000, 0x0000000100000000)
  eden space 3584K, 100% used [0x00000000eab00000,0x00000000eae80000,0x00000000eae80000)
  from space 512K, 95% used [0x00000000eaf80000,0x00000000eaffa910,0x00000000eb000000)
  to   space 1024K, 0% used [0x00000000eae80000,0x00000000eae80000,0x00000000eaf80000)
 ParOldGen       total 180736K, used 160762K [0x00000000c0000000, 0x00000000cb080000, 0x00000000eab00000)
  object space 180736K, 88% used [0x00000000c0000000,0x00000000c9cfe9a0,0x00000000cb080000)
 Metaspace       used 107803K, committed 109312K, reserved 1179648K
  class space    used 10782K, committed 11392K, reserved 1048576K
}
Event: 2151.444 GC heap after
{Heap after GC invocations=4753 (full 88):
 PSYoungGen      total 4608K, used 426K [0x00000000eab00000, 0x00000000eb000000, 0x0000000100000000)
  eden space 3584K, 0% used [0x00000000eab00000,0x00000000eab00000,0x00000000eae80000)
  from space 1024K, 41% used [0x00000000eae80000,0x00000000eaeea910,0x00000000eaf80000)
  to   space 512K, 0% used [0x00000000eaf80000,0x00000000eaf80000,0x00000000eb000000)
 ParOldGen       total 180736K, used 160850K [0x00000000c0000000, 0x00000000cb080000, 0x00000000eab00000)
  object space 180736K, 88% used [0x00000000c0000000,0x00000000c9d149a0,0x00000000cb080000)
 Metaspace       used 107803K, committed 109312K, reserved 1179648K
  class space    used 10782K, committed 11392K, reserved 1048576K
}
Event: 2151.448 GC heap before
{Heap before GC invocations=4754 (full 88):
 PSYoungGen      total 4608K, used 4010K [0x00000000eab00000, 0x00000000eb000000, 0x0000000100000000)
  eden space 3584K, 100% used [0x00000000eab00000,0x00000000eae80000,0x00000000eae80000)
  from space 1024K, 41% used [0x00000000eae80000,0x00000000eaeea910,0x00000000eaf80000)
  to   space 512K, 0% used [0x00000000eaf80000,0x00000000eaf80000,0x00000000eb000000)
 ParOldGen       total 180736K, used 160850K [0x00000000c0000000, 0x00000000cb080000, 0x00000000eab00000)
  object space 180736K, 88% used [0x00000000c0000000,0x00000000c9d149a0,0x00000000cb080000)
 Metaspace       used 107803K, committed 109312K, reserved 1179648K
  class space    used 10782K, committed 11392K, reserved 1048576K
}
Event: 2151.449 GC heap after
{Heap after GC invocations=4754 (full 88):
 PSYoungGen      total 4096K, used 320K [0x00000000eab00000, 0x00000000eb000000, 0x0000000100000000)
  eden space 3584K, 0% used [0x00000000eab00000,0x00000000eab00000,0x00000000eae80000)
  from space 512K, 62% used [0x00000000eaf80000,0x00000000eafd0000,0x00000000eb000000)
  to   space 512K, 0% used [0x00000000eaf00000,0x00000000eaf00000,0x00000000eaf80000)
 ParOldGen       total 180736K, used 160906K [0x00000000c0000000, 0x00000000cb080000, 0x00000000eab00000)
  object space 180736K, 89% used [0x00000000c0000000,0x00000000c9d229a0,0x00000000cb080000)
 Metaspace       used 107803K, committed 109312K, reserved 1179648K
  class space    used 10782K, committed 11392K, reserved 1048576K
}
Event: 2151.453 GC heap before
{Heap before GC invocations=4755 (full 88):
 PSYoungGen      total 4096K, used 3904K [0x00000000eab00000, 0x00000000eb000000, 0x0000000100000000)
  eden space 3584K, 100% used [0x00000000eab00000,0x00000000eae80000,0x00000000eae80000)
  from space 512K, 62% used [0x00000000eaf80000,0x00000000eafd0000,0x00000000eb000000)
  to   space 512K, 0% used [0x00000000eaf00000,0x00000000eaf00000,0x00000000eaf80000)
 ParOldGen       total 180736K, used 160906K [0x00000000c0000000, 0x00000000cb080000, 0x00000000eab00000)
  object space 180736K, 89% used [0x00000000c0000000,0x00000000c9d229a0,0x00000000cb080000)
 Metaspace       used 107803K, committed 109312K, reserved 1179648K
  class space    used 10782K, committed 11392K, reserved 1048576K
}
Event: 2151.453 GC heap after
{Heap after GC invocations=4755 (full 88):
 PSYoungGen      total 4096K, used 426K [0x00000000eab00000, 0x00000000eb000000, 0x0000000100000000)
  eden space 3584K, 0% used [0x00000000eab00000,0x00000000eab00000,0x00000000eae80000)
  from space 512K, 83% used [0x00000000eaf00000,0x00000000eaf6a910,0x00000000eaf80000)
  to   space 512K, 0% used [0x00000000eaf80000,0x00000000eaf80000,0x00000000eb000000)
 ParOldGen       total 180736K, used 160962K [0x00000000c0000000, 0x00000000cb080000, 0x00000000eab00000)
  object space 180736K, 89% used [0x00000000c0000000,0x00000000c9d309a0,0x00000000cb080000)
 Metaspace       used 107803K, committed 109312K, reserved 1179648K
  class space    used 10782K, committed 11392K, reserved 1048576K
}
Event: 2151.469 GC heap before
{Heap before GC invocations=4756 (full 88):
 PSYoungGen      total 4096K, used 4010K [0x00000000eab00000, 0x00000000eb000000, 0x0000000100000000)
  eden space 3584K, 100% used [0x00000000eab00000,0x00000000eae80000,0x00000000eae80000)
  from space 512K, 83% used [0x00000000eaf00000,0x00000000eaf6a910,0x00000000eaf80000)
  to   space 512K, 0% used [0x00000000eaf80000,0x00000000eaf80000,0x00000000eb000000)
 ParOldGen       total 180736K, used 160962K [0x00000000c0000000, 0x00000000cb080000, 0x00000000eab00000)
  object space 180736K, 89% used [0x00000000c0000000,0x00000000c9d309a0,0x00000000cb080000)
 Metaspace       used 107812K, committed 109312K, reserved 1179648K
  class space    used 10785K, committed 11392K, reserved 1048576K
}
Event: 2151.470 GC heap after
{Heap after GC invocations=4756 (full 88):
 PSYoungGen      total 4096K, used 426K [0x00000000eab00000, 0x00000000eb000000, 0x0000000100000000)
  eden space 3584K, 0% used [0x00000000eab00000,0x00000000eab00000,0x00000000eae80000)
  from space 512K, 83% used [0x00000000eaf80000,0x00000000eafea910,0x00000000eb000000)
  to   space 512K, 0% used [0x00000000eaf00000,0x00000000eaf00000,0x00000000eaf80000)
 ParOldGen       total 180736K, used 161002K [0x00000000c0000000, 0x00000000cb080000, 0x00000000eab00000)
  object space 180736K, 89% used [0x00000000c0000000,0x00000000c9d3a9a0,0x00000000cb080000)
 Metaspace       used 107812K, committed 109312K, reserved 1179648K
  class space    used 10785K, committed 11392K, reserved 1048576K
}
Event: 2151.478 GC heap before
{Heap before GC invocations=4757 (full 88):
 PSYoungGen      total 4096K, used 4010K [0x00000000eab00000, 0x00000000eb000000, 0x0000000100000000)
  eden space 3584K, 100% used [0x00000000eab00000,0x00000000eae80000,0x00000000eae80000)
  from space 512K, 83% used [0x00000000eaf80000,0x00000000eafea910,0x00000000eb000000)
  to   space 512K, 0% used [0x00000000eaf00000,0x00000000eaf00000,0x00000000eaf80000)
 ParOldGen       total 180736K, used 161002K [0x00000000c0000000, 0x00000000cb080000, 0x00000000eab00000)
  object space 180736K, 89% used [0x00000000c0000000,0x00000000c9d3a9a0,0x00000000cb080000)
 Metaspace       used 107815K, committed 109312K, reserved 1179648K
  class space    used 10785K, committed 11392K, reserved 1048576K
}
Event: 2151.479 GC heap after
{Heap after GC invocations=4757 (full 88):
 PSYoungGen      total 4096K, used 372K [0x00000000eab00000, 0x00000000eb000000, 0x0000000100000000)
  eden space 3584K, 0% used [0x00000000eab00000,0x00000000eab00000,0x00000000eae80000)
  from space 512K, 72% used [0x00000000eaf00000,0x00000000eaf5d200,0x00000000eaf80000)
  to   space 512K, 0% used [0x00000000eaf80000,0x00000000eaf80000,0x00000000eb000000)
 ParOldGen       total 180736K, used 161066K [0x00000000c0000000, 0x00000000cb080000, 0x00000000eab00000)
  object space 180736K, 89% used [0x00000000c0000000,0x00000000c9d4a9a0,0x00000000cb080000)
 Metaspace       used 107815K, committed 109312K, reserved 1179648K
  class space    used 10785K, committed 11392K, reserved 1048576K
}
Event: 2151.482 GC heap before
{Heap before GC invocations=4758 (full 88):
 PSYoungGen      total 4096K, used 3956K [0x00000000eab00000, 0x00000000eb000000, 0x0000000100000000)
  eden space 3584K, 100% used [0x00000000eab00000,0x00000000eae80000,0x00000000eae80000)
  from space 512K, 72% used [0x00000000eaf00000,0x00000000eaf5d200,0x00000000eaf80000)
  to   space 512K, 0% used [0x00000000eaf80000,0x00000000eaf80000,0x00000000eb000000)
 ParOldGen       total 180736K, used 161066K [0x00000000c0000000, 0x00000000cb080000, 0x00000000eab00000)
  object space 180736K, 89% used [0x00000000c0000000,0x00000000c9d4a9a0,0x00000000cb080000)
 Metaspace       used 107815K, committed 109312K, reserved 1179648K
  class space    used 10785K, committed 11392K, reserved 1048576K
}
Event: 2151.483 GC heap after
{Heap after GC invocations=4758 (full 88):
 PSYoungGen      total 4096K, used 426K [0x00000000eab00000, 0x00000000eb000000, 0x0000000100000000)
  eden space 3584K, 0% used [0x00000000eab00000,0x00000000eab00000,0x00000000eae80000)
  from space 512K, 83% used [0x00000000eaf80000,0x00000000eafea910,0x00000000eb000000)
  to   space 512K, 0% used [0x00000000eaf00000,0x00000000eaf00000,0x00000000eaf80000)
 ParOldGen       total 180736K, used 161146K [0x00000000c0000000, 0x00000000cb080000, 0x00000000eab00000)
  object space 180736K, 89% used [0x00000000c0000000,0x00000000c9d5e9a0,0x00000000cb080000)
 Metaspace       used 107815K, committed 109312K, reserved 1179648K
  class space    used 10785K, committed 11392K, reserved 1048576K
}
Event: 2151.486 GC heap before
{Heap before GC invocations=4759 (full 88):
 PSYoungGen      total 4096K, used 4010K [0x00000000eab00000, 0x00000000eb000000, 0x0000000100000000)
  eden space 3584K, 100% used [0x00000000eab00000,0x00000000eae80000,0x00000000eae80000)
  from space 512K, 83% used [0x00000000eaf80000,0x00000000eafea910,0x00000000eb000000)
  to   space 512K, 0% used [0x00000000eaf00000,0x00000000eaf00000,0x00000000eaf80000)
 ParOldGen       total 180736K, used 161146K [0x00000000c0000000, 0x00000000cb080000, 0x00000000eab00000)
  object space 180736K, 89% used [0x00000000c0000000,0x00000000c9d5e9a0,0x00000000cb080000)
 Metaspace       used 107815K, committed 109312K, reserved 1179648K
  class space    used 10785K, committed 11392K, reserved 1048576K
}
Event: 2151.487 GC heap after
{Heap after GC invocations=4759 (full 88):
 PSYoungGen      total 4096K, used 320K [0x00000000eab00000, 0x00000000eb000000, 0x0000000100000000)
  eden space 3584K, 0% used [0x00000000eab00000,0x00000000eab00000,0x00000000eae80000)
  from space 512K, 62% used [0x00000000eaf00000,0x00000000eaf50000,0x00000000eaf80000)
  to   space 512K, 0% used [0x00000000eaf80000,0x00000000eaf80000,0x00000000eb000000)
 ParOldGen       total 180736K, used 161202K [0x00000000c0000000, 0x00000000cb080000, 0x00000000eab00000)
  object space 180736K, 89% used [0x00000000c0000000,0x00000000c9d6c9a0,0x00000000cb080000)
 Metaspace       used 107815K, committed 109312K, reserved 1179648K
  class space    used 10785K, committed 11392K, reserved 1048576K
}
Event: 2151.493 GC heap before
{Heap before GC invocations=4760 (full 88):
 PSYoungGen      total 4096K, used 3904K [0x00000000eab00000, 0x00000000eb000000, 0x0000000100000000)
  eden space 3584K, 100% used [0x00000000eab00000,0x00000000eae80000,0x00000000eae80000)
  from space 512K, 62% used [0x00000000eaf00000,0x00000000eaf50000,0x00000000eaf80000)
  to   space 512K, 0% used [0x00000000eaf80000,0x00000000eaf80000,0x00000000eb000000)
 ParOldGen       total 180736K, used 161202K [0x00000000c0000000, 0x00000000cb080000, 0x00000000eab00000)
  object space 180736K, 89% used [0x00000000c0000000,0x00000000c9d6c9a0,0x00000000cb080000)
 Metaspace       used 107815K, committed 109312K, reserved 1179648K
  class space    used 10785K, committed 11392K, reserved 1048576K
}
Event: 2151.493 GC heap after
{Heap after GC invocations=4760 (full 88):
 PSYoungGen      total 4096K, used 458K [0x00000000eab00000, 0x00000000eb000000, 0x0000000100000000)
  eden space 3584K, 0% used [0x00000000eab00000,0x00000000eab00000,0x00000000eae80000)
  from space 512K, 89% used [0x00000000eaf80000,0x00000000eaff2910,0x00000000eb000000)
  to   space 512K, 0% used [0x00000000eaf00000,0x00000000eaf00000,0x00000000eaf80000)
 ParOldGen       total 180736K, used 161210K [0x00000000c0000000, 0x00000000cb080000, 0x00000000eab00000)
  object space 180736K, 89% used [0x00000000c0000000,0x00000000c9d6e9a0,0x00000000cb080000)
 Metaspace       used 107815K, committed 109312K, reserved 1179648K
  class space    used 10785K, committed 11392K, reserved 1048576K
}
Event: 2151.500 GC heap before
{Heap before GC invocations=4761 (full 88):
 PSYoungGen      total 4096K, used 4042K [0x00000000eab00000, 0x00000000eb000000, 0x0000000100000000)
  eden space 3584K, 100% used [0x00000000eab00000,0x00000000eae80000,0x00000000eae80000)
  from space 512K, 89% used [0x00000000eaf80000,0x00000000eaff2910,0x00000000eb000000)
  to   space 512K, 0% used [0x00000000eaf00000,0x00000000eaf00000,0x00000000eaf80000)
 ParOldGen       total 180736K, used 161210K [0x00000000c0000000, 0x00000000cb080000, 0x00000000eab00000)
  object space 180736K, 89% used [0x00000000c0000000,0x00000000c9d6e9a0,0x00000000cb080000)
 Metaspace       used 107835K, committed 109312K, reserved 1179648K
  class space    used 10785K, committed 11392K, reserved 1048576K
}
Event: 2151.501 GC heap after
{Heap after GC invocations=4761 (full 88):
 PSYoungGen      total 4096K, used 320K [0x00000000eab00000, 0x00000000eb000000, 0x0000000100000000)
  eden space 3584K, 0% used [0x00000000eab00000,0x00000000eab00000,0x00000000eae80000)
  from space 512K, 62% used [0x00000000eaf00000,0x00000000eaf50000,0x00000000eaf80000)
  to   space 512K, 0% used [0x00000000eaf80000,0x00000000eaf80000,0x00000000eb000000)
 ParOldGen       total 180736K, used 161250K [0x00000000c0000000, 0x00000000cb080000, 0x00000000eab00000)
  object space 180736K, 89% used [0x00000000c0000000,0x00000000c9d789a0,0x00000000cb080000)
 Metaspace       used 107835K, committed 109312K, reserved 1179648K
  class space    used 10785K, committed 11392K, reserved 1048576K
}

